<?xml version="1.0" encoding="UTF-8"?>
<!-- Generated by org.testng.reporters.JUnitXMLReporter -->
<testsuite hostname="DESKTOP-BNP95F9" ignored="0" name="Test" tests="24" failures="23" timestamp="25 Jul 2019 00:33:54 GMT" time="11.252" errors="0">
  <testcase name="testAddCardToCurrentSprint" time="0.007" classname="test.tracking.cases.AcceptanceTests">
    <failure type="java.lang.AssertionError" message="null">
      <![CDATA[java.lang.AssertionError: null
at test.tracking.cases.AcceptanceTests.testAddCardToCurrentSprint(AcceptanceTests.java:150)
... Removed 27 stack frames]]>
    </failure>
  </testcase> <!-- testAddCardToCurrentSprint -->
  <testcase name="testAddCommentsToCard" time="0.002" classname="test.tracking.cases.AcceptanceTests">
    <failure type="java.lang.AssertionError" message="null">
      <![CDATA[java.lang.AssertionError: null
at test.tracking.cases.AcceptanceTests.testAddCommentsToCard(AcceptanceTests.java:222)
... Removed 27 stack frames]]>
    </failure>
  </testcase> <!-- testAddCommentsToCard -->
  <testcase name="testAddingEpicsToProject" time="0.001" classname="test.tracking.cases.AcceptanceTests">
    <failure type="java.lang.AssertionError" message="null">
      <![CDATA[java.lang.AssertionError: null
at test.tracking.cases.AcceptanceTests.testAddingEpicsToProject(AcceptanceTests.java:114)
... Removed 27 stack frames]]>
    </failure>
  </testcase> <!-- testAddingEpicsToProject -->
  <testcase name="testAddingUsersToProject" time="0.001" classname="test.tracking.cases.AcceptanceTests">
    <failure type="java.lang.AssertionError" message="null">
      <![CDATA[java.lang.AssertionError: null
at test.tracking.cases.AcceptanceTests.testAddingUsersToProject(AcceptanceTests.java:123)
... Removed 27 stack frames]]>
    </failure>
  </testcase> <!-- testAddingUsersToProject -->
  <testcase name="testApplicationAvailability" time="0.058" classname="test.tracking.cases.AcceptanceTests"/>
  <testcase name="testCardMoveFromTODO2Backlog" time="0.001" classname="test.tracking.cases.AcceptanceTests">
    <failure type="java.lang.AssertionError" message="null">
      <![CDATA[java.lang.AssertionError: null
at test.tracking.cases.AcceptanceTests.testCardMoveFromTODO2Backlog(AcceptanceTests.java:213)
... Removed 27 stack frames]]>
    </failure>
  </testcase> <!-- testCardMoveFromTODO2Backlog -->
  <testcase name="testCardMoveFromToDo2WIP" time="0.002" classname="test.tracking.cases.AcceptanceTests">
    <failure type="java.lang.AssertionError" message="null">
      <![CDATA[java.lang.AssertionError: null
at test.tracking.cases.AcceptanceTests.testCardMoveFromToDo2WIP(AcceptanceTests.java:186)
... Removed 27 stack frames]]>
    </failure>
  </testcase> <!-- testCardMoveFromToDo2WIP -->
  <testcase name="testCardMoveFromVerification2Complete" time="0.001" classname="test.tracking.cases.AcceptanceTests">
    <failure type="java.lang.AssertionError" message="null">
      <![CDATA[java.lang.AssertionError: null
at test.tracking.cases.AcceptanceTests.testCardMoveFromVerification2Complete(AcceptanceTests.java:204)
... Removed 27 stack frames]]>
    </failure>
  </testcase> <!-- testCardMoveFromVerification2Complete -->
  <testcase name="testCardMoveFromWIP2Verification" time="0.001" classname="test.tracking.cases.AcceptanceTests">
    <failure type="java.lang.AssertionError" message="null">
      <![CDATA[java.lang.AssertionError: null
at test.tracking.cases.AcceptanceTests.testCardMoveFromWIP2Verification(AcceptanceTests.java:195)
... Removed 27 stack frames]]>
    </failure>
  </testcase> <!-- testCardMoveFromWIP2Verification -->
  <testcase name="testCardsGroupingInSprintPage" time="0.001" classname="test.tracking.cases.AcceptanceTests">
    <failure type="java.lang.AssertionError" message="null">
      <![CDATA[java.lang.AssertionError: null
at test.tracking.cases.AcceptanceTests.testCardsGroupingInSprintPage(AcceptanceTests.java:231)
... Removed 27 stack frames]]>
    </failure>
  </testcase> <!-- testCardsGroupingInSprintPage -->
  <testcase name="testCreateCardInBacklog" time="0.001" classname="test.tracking.cases.AcceptanceTests">
    <failure type="java.lang.AssertionError" message="null">
      <![CDATA[java.lang.AssertionError: null
at test.tracking.cases.AcceptanceTests.testCreateCardInBacklog(AcceptanceTests.java:141)
... Removed 27 stack frames]]>
    </failure>
  </testcase> <!-- testCreateCardInBacklog -->
  <testcase name="testCreateCardInSprintPage" time="0.001" classname="test.tracking.cases.AcceptanceTests">
    <failure type="java.lang.AssertionError" message="null">
      <![CDATA[java.lang.AssertionError: null
at test.tracking.cases.AcceptanceTests.testCreateCardInSprintPage(AcceptanceTests.java:177)
... Removed 27 stack frames]]>
    </failure>
  </testcase> <!-- testCreateCardInSprintPage -->
  <testcase name="testInvalidCredentials" time="6.752" classname="test.tracking.cases.AcceptanceTests">
    <failure type="org.openqa.selenium.NoSuchElementException" message="no such element: Unable to locate element: {&amp;quot;method&amp;quot;:&amp;quot;xpath&amp;quot;,&amp;quot;selector&amp;quot;:&amp;quot;//button[@class=&amp;apos;btn btn-dark btn-block&amp;apos;]&amp;quot;}
  (Session info: chrome=75.0.3770.142)
For documentation on this error, please visit: https://www.seleniumhq.org/exceptions/no_such_element.html
Build info: version: &amp;apos;3.141.59&amp;apos;, revision: &amp;apos;e82be7d358&amp;apos;, time: &amp;apos;2018-11-14T08:17:03&amp;apos;
System info: host: &amp;apos;DESKTOP-BNP95F9&amp;apos;, ip: &amp;apos;192.168.56.1&amp;apos;, os.name: &amp;apos;Windows 10&amp;apos;, os.arch: &amp;apos;amd64&amp;apos;, os.version: &amp;apos;10.0&amp;apos;, java.version: &amp;apos;1.8.0_211&amp;apos;
Driver info: org.openqa.selenium.chrome.ChromeDriver
Capabilities {acceptInsecureCerts: false, browserName: chrome, browserVersion: 75.0.3770.142, chrome: {chromedriverVersion: 75.0.3770.140 (2d9f97485c7b..., userDataDir: C:\Users\310104~1\AppData\L...}, goog:chromeOptions: {debuggerAddress: localhost:65330}, javascriptEnabled: true, networkConnectionEnabled: false, pageLoadStrategy: normal, platform: XP, platformName: XP, proxy: Proxy(), setWindowRect: true, strictFileInteractability: false, timeouts: {implicit: 0, pageLoad: 300000, script: 30000}, unhandledPromptBehavior: dismiss and notify}
Session ID: e08d29584b99e2b7fc930ebee134489a
*** Element info: {Using=xpath, value=//button[@class=&amp;apos;btn btn-dark btn-block&amp;apos;]}">
      <![CDATA[org.openqa.selenium.NoSuchElementException: no such element: Unable to locate element: {"method":"xpath","selector":"//button[@class='btn btn-dark btn-block']"}
  (Session info: chrome=75.0.3770.142)
For documentation on this error, please visit: https://www.seleniumhq.org/exceptions/no_such_element.html
Build info: version: '3.141.59', revision: 'e82be7d358', time: '2018-11-14T08:17:03'
System info: host: 'DESKTOP-BNP95F9', ip: '192.168.56.1', os.name: 'Windows 10', os.arch: 'amd64', os.version: '10.0', java.version: '1.8.0_211'
Driver info: org.openqa.selenium.chrome.ChromeDriver
Capabilities {acceptInsecureCerts: false, browserName: chrome, browserVersion: 75.0.3770.142, chrome: {chromedriverVersion: 75.0.3770.140 (2d9f97485c7b..., userDataDir: C:\Users\310104~1\AppData\L...}, goog:chromeOptions: {debuggerAddress: localhost:65330}, javascriptEnabled: true, networkConnectionEnabled: false, pageLoadStrategy: normal, platform: XP, platformName: XP, proxy: Proxy(), setWindowRect: true, strictFileInteractability: false, timeouts: {implicit: 0, pageLoad: 300000, script: 30000}, unhandledPromptBehavior: dismiss and notify}
Session ID: e08d29584b99e2b7fc930ebee134489a
*** Element info: {Using=xpath, value=//button[@class='btn btn-dark btn-block']}
at org.openqa.selenium.remote.http.W3CHttpResponseCodec.createException(W3CHttpResponseCodec.java:187)
at org.openqa.selenium.remote.http.W3CHttpResponseCodec.decode(W3CHttpResponseCodec.java:122)
at org.openqa.selenium.remote.http.W3CHttpResponseCodec.decode(W3CHttpResponseCodec.java:49)
at org.openqa.selenium.remote.HttpCommandExecutor.execute(HttpCommandExecutor.java:158)
at org.openqa.selenium.remote.service.DriverCommandExecutor.execute(DriverCommandExecutor.java:83)
at org.openqa.selenium.remote.RemoteWebDriver.execute(RemoteWebDriver.java:552)
at org.openqa.selenium.remote.RemoteWebDriver.findElement(RemoteWebDriver.java:323)
at org.openqa.selenium.remote.RemoteWebDriver.findElementByXPath(RemoteWebDriver.java:428)
at org.openqa.selenium.By$ByXPath.findElement(By.java:353)
at org.openqa.selenium.remote.RemoteWebDriver.findElement(RemoteWebDriver.java:315)
at test.tracking.pobj.BaseObject.isElementEnabled(BaseObject.java:53)
at test.tracking.pobj.LoginPage.login(LoginPage.java:33)
at test.tracking.cases.AcceptanceTests.testInvalidCredentials(AcceptanceTests.java:44)
... Removed 29 stack frames]]>
    </failure>
  </testcase> <!-- testInvalidCredentials -->
  <testcase name="testNavigateToChatPage" time="0.001" classname="test.tracking.cases.AcceptanceTests">
    <failure type="java.lang.AssertionError" message="null">
      <![CDATA[java.lang.AssertionError: null
at test.tracking.cases.AcceptanceTests.testNavigateToChatPage(AcceptanceTests.java:240)
... Removed 27 stack frames]]>
    </failure>
  </testcase> <!-- testNavigateToChatPage -->
  <testcase name="testNavigateToSprintPage" time="0.0" classname="test.tracking.cases.AcceptanceTests">
    <failure type="java.lang.AssertionError" message="null">
      <![CDATA[java.lang.AssertionError: null
at test.tracking.cases.AcceptanceTests.testNavigateToSprintPage(AcceptanceTests.java:159)
... Removed 27 stack frames]]>
    </failure>
  </testcase> <!-- testNavigateToSprintPage -->
  <testcase name="testProjectCreation" time="0.001" classname="test.tracking.cases.AcceptanceTests">
    <failure type="java.lang.AssertionError" message="null">
      <![CDATA[java.lang.AssertionError: null
at test.tracking.cases.AcceptanceTests.testProjectCreation(AcceptanceTests.java:105)
... Removed 27 stack frames]]>
    </failure>
  </testcase> <!-- testProjectCreation -->
  <testcase name="testProjectSelectionInBacklog" time="0.0" classname="test.tracking.cases.AcceptanceTests">
    <failure type="java.lang.AssertionError" message="null">
      <![CDATA[java.lang.AssertionError: null
at test.tracking.cases.AcceptanceTests.testProjectSelectionInBacklog(AcceptanceTests.java:132)
... Removed 27 stack frames]]>
    </failure>
  </testcase> <!-- testProjectSelectionInBacklog -->
  <testcase name="testProjectSelectionInChat" time="0.001" classname="test.tracking.cases.AcceptanceTests">
    <failure type="java.lang.AssertionError" message="null">
      <![CDATA[java.lang.AssertionError: null
at test.tracking.cases.AcceptanceTests.testProjectSelectionInChat(AcceptanceTests.java:249)
... Removed 27 stack frames]]>
    </failure>
  </testcase> <!-- testProjectSelectionInChat -->
  <testcase name="testProjectSelectionInSprint" time="0.001" classname="test.tracking.cases.AcceptanceTests">
    <failure type="java.lang.AssertionError" message="null">
      <![CDATA[java.lang.AssertionError: null
at test.tracking.cases.AcceptanceTests.testProjectSelectionInSprint(AcceptanceTests.java:168)
... Removed 27 stack frames]]>
    </failure>
  </testcase> <!-- testProjectSelectionInSprint -->
  <testcase name="testUserDefaultRole" time="0.094" classname="test.tracking.cases.AcceptanceTests">
    <failure type="org.openqa.selenium.ElementClickInterceptedException" message="element click intercepted: Element &amp;lt;a href=&amp;quot;#&amp;quot; class=&amp;quot;nav-link&amp;quot;&amp;gt;...&amp;lt;/a&amp;gt; is not clickable at point (1475, 28). Other element would receive the click: &amp;lt;div class=&amp;quot;modal fade show&amp;quot; role=&amp;quot;dialog&amp;quot; tabindex=&amp;quot;-1&amp;quot; style=&amp;quot;display: block;&amp;quot;&amp;gt;...&amp;lt;/div&amp;gt;
  (Session info: chrome=75.0.3770.142)
Build info: version: &amp;apos;3.141.59&amp;apos;, revision: &amp;apos;e82be7d358&amp;apos;, time: &amp;apos;2018-11-14T08:17:03&amp;apos;
System info: host: &amp;apos;DESKTOP-BNP95F9&amp;apos;, ip: &amp;apos;192.168.56.1&amp;apos;, os.name: &amp;apos;Windows 10&amp;apos;, os.arch: &amp;apos;amd64&amp;apos;, os.version: &amp;apos;10.0&amp;apos;, java.version: &amp;apos;1.8.0_211&amp;apos;
Driver info: org.openqa.selenium.chrome.ChromeDriver
Capabilities {acceptInsecureCerts: false, browserName: chrome, browserVersion: 75.0.3770.142, chrome: {chromedriverVersion: 75.0.3770.140 (2d9f97485c7b..., userDataDir: C:\Users\310104~1\AppData\L...}, goog:chromeOptions: {debuggerAddress: localhost:65330}, javascriptEnabled: true, networkConnectionEnabled: false, pageLoadStrategy: normal, platform: XP, platformName: XP, proxy: Proxy(), setWindowRect: true, strictFileInteractability: false, timeouts: {implicit: 0, pageLoad: 300000, script: 30000}, unhandledPromptBehavior: dismiss and notify}
Session ID: e08d29584b99e2b7fc930ebee134489a">
      <![CDATA[org.openqa.selenium.ElementClickInterceptedException: element click intercepted: Element <a href="#" class="nav-link">...</a> is not clickable at point (1475, 28). Other element would receive the click: <div class="modal fade show" role="dialog" tabindex="-1" style="display: block;">...</div>
  (Session info: chrome=75.0.3770.142)
Build info: version: '3.141.59', revision: 'e82be7d358', time: '2018-11-14T08:17:03'
System info: host: 'DESKTOP-BNP95F9', ip: '192.168.56.1', os.name: 'Windows 10', os.arch: 'amd64', os.version: '10.0', java.version: '1.8.0_211'
Driver info: org.openqa.selenium.chrome.ChromeDriver
Capabilities {acceptInsecureCerts: false, browserName: chrome, browserVersion: 75.0.3770.142, chrome: {chromedriverVersion: 75.0.3770.140 (2d9f97485c7b..., userDataDir: C:\Users\310104~1\AppData\L...}, goog:chromeOptions: {debuggerAddress: localhost:65330}, javascriptEnabled: true, networkConnectionEnabled: false, pageLoadStrategy: normal, platform: XP, platformName: XP, proxy: Proxy(), setWindowRect: true, strictFileInteractability: false, timeouts: {implicit: 0, pageLoad: 300000, script: 30000}, unhandledPromptBehavior: dismiss and notify}
Session ID: e08d29584b99e2b7fc930ebee134489a
at org.openqa.selenium.remote.http.W3CHttpResponseCodec.createException(W3CHttpResponseCodec.java:187)
at org.openqa.selenium.remote.http.W3CHttpResponseCodec.decode(W3CHttpResponseCodec.java:122)
at org.openqa.selenium.remote.http.W3CHttpResponseCodec.decode(W3CHttpResponseCodec.java:49)
at org.openqa.selenium.remote.HttpCommandExecutor.execute(HttpCommandExecutor.java:158)
at org.openqa.selenium.remote.service.DriverCommandExecutor.execute(DriverCommandExecutor.java:83)
at org.openqa.selenium.remote.RemoteWebDriver.execute(RemoteWebDriver.java:552)
at org.openqa.selenium.remote.RemoteWebElement.execute(RemoteWebElement.java:285)
at org.openqa.selenium.remote.RemoteWebElement.click(RemoteWebElement.java:84)
at test.tracking.pobj.BaseObject.clickElement(BaseObject.java:42)
at test.tracking.pobj.LoginPage.login(LoginPage.java:25)
at test.tracking.cases.AcceptanceTests.testUserDefaultRole(AcceptanceTests.java:72)
... Removed 29 stack frames]]>
    </failure>
  </testcase> <!-- testUserDefaultRole -->
  <testcase name="testUserLogout" time="0.001" classname="test.tracking.cases.AcceptanceTests">
    <failure type="java.lang.AssertionError" message="null">
      <![CDATA[java.lang.AssertionError: null
at test.tracking.cases.AcceptanceTests.testUserLogout(AcceptanceTests.java:267)
... Removed 27 stack frames]]>
    </failure>
  </testcase> <!-- testUserLogout -->
  <testcase name="testUserPromotion" time="0.096" classname="test.tracking.cases.AcceptanceTests">
    <failure type="org.openqa.selenium.ElementClickInterceptedException" message="element click intercepted: Element &amp;lt;a href=&amp;quot;#&amp;quot; class=&amp;quot;nav-link&amp;quot;&amp;gt;...&amp;lt;/a&amp;gt; is not clickable at point (1475, 28). Other element would receive the click: &amp;lt;div class=&amp;quot;modal fade show&amp;quot; role=&amp;quot;dialog&amp;quot; tabindex=&amp;quot;-1&amp;quot; style=&amp;quot;display: block;&amp;quot;&amp;gt;...&amp;lt;/div&amp;gt;
  (Session info: chrome=75.0.3770.142)
Build info: version: &amp;apos;3.141.59&amp;apos;, revision: &amp;apos;e82be7d358&amp;apos;, time: &amp;apos;2018-11-14T08:17:03&amp;apos;
System info: host: &amp;apos;DESKTOP-BNP95F9&amp;apos;, ip: &amp;apos;192.168.56.1&amp;apos;, os.name: &amp;apos;Windows 10&amp;apos;, os.arch: &amp;apos;amd64&amp;apos;, os.version: &amp;apos;10.0&amp;apos;, java.version: &amp;apos;1.8.0_211&amp;apos;
Driver info: org.openqa.selenium.chrome.ChromeDriver
Capabilities {acceptInsecureCerts: false, browserName: chrome, browserVersion: 75.0.3770.142, chrome: {chromedriverVersion: 75.0.3770.140 (2d9f97485c7b..., userDataDir: C:\Users\310104~1\AppData\L...}, goog:chromeOptions: {debuggerAddress: localhost:65330}, javascriptEnabled: true, networkConnectionEnabled: false, pageLoadStrategy: normal, platform: XP, platformName: XP, proxy: Proxy(), setWindowRect: true, strictFileInteractability: false, timeouts: {implicit: 0, pageLoad: 300000, script: 30000}, unhandledPromptBehavior: dismiss and notify}
Session ID: e08d29584b99e2b7fc930ebee134489a">
      <![CDATA[org.openqa.selenium.ElementClickInterceptedException: element click intercepted: Element <a href="#" class="nav-link">...</a> is not clickable at point (1475, 28). Other element would receive the click: <div class="modal fade show" role="dialog" tabindex="-1" style="display: block;">...</div>
  (Session info: chrome=75.0.3770.142)
Build info: version: '3.141.59', revision: 'e82be7d358', time: '2018-11-14T08:17:03'
System info: host: 'DESKTOP-BNP95F9', ip: '192.168.56.1', os.name: 'Windows 10', os.arch: 'amd64', os.version: '10.0', java.version: '1.8.0_211'
Driver info: org.openqa.selenium.chrome.ChromeDriver
Capabilities {acceptInsecureCerts: false, browserName: chrome, browserVersion: 75.0.3770.142, chrome: {chromedriverVersion: 75.0.3770.140 (2d9f97485c7b..., userDataDir: C:\Users\310104~1\AppData\L...}, goog:chromeOptions: {debuggerAddress: localhost:65330}, javascriptEnabled: true, networkConnectionEnabled: false, pageLoadStrategy: normal, platform: XP, platformName: XP, proxy: Proxy(), setWindowRect: true, strictFileInteractability: false, timeouts: {implicit: 0, pageLoad: 300000, script: 30000}, unhandledPromptBehavior: dismiss and notify}
Session ID: e08d29584b99e2b7fc930ebee134489a
at org.openqa.selenium.remote.http.W3CHttpResponseCodec.createException(W3CHttpResponseCodec.java:187)
at org.openqa.selenium.remote.http.W3CHttpResponseCodec.decode(W3CHttpResponseCodec.java:122)
at org.openqa.selenium.remote.http.W3CHttpResponseCodec.decode(W3CHttpResponseCodec.java:49)
at org.openqa.selenium.remote.HttpCommandExecutor.execute(HttpCommandExecutor.java:158)
at org.openqa.selenium.remote.service.DriverCommandExecutor.execute(DriverCommandExecutor.java:83)
at org.openqa.selenium.remote.RemoteWebDriver.execute(RemoteWebDriver.java:552)
at org.openqa.selenium.remote.RemoteWebElement.execute(RemoteWebElement.java:285)
at org.openqa.selenium.remote.RemoteWebElement.click(RemoteWebElement.java:84)
at test.tracking.pobj.BaseObject.clickElement(BaseObject.java:42)
at test.tracking.pobj.LoginPage.login(LoginPage.java:25)
at test.tracking.cases.AcceptanceTests.testUserPromotion(AcceptanceTests.java:83)
... Removed 29 stack frames]]>
    </failure>
  </testcase> <!-- testUserPromotion -->
  <testcase name="testUserRegistration" time="0.114" classname="test.tracking.cases.AcceptanceTests">
    <failure type="org.openqa.selenium.ElementClickInterceptedException" message="element click intercepted: Element &amp;lt;a href=&amp;quot;#&amp;quot; class=&amp;quot;nav-link&amp;quot;&amp;gt;...&amp;lt;/a&amp;gt; is not clickable at point (1411, 28). Other element would receive the click: &amp;lt;div class=&amp;quot;modal fade show&amp;quot; role=&amp;quot;dialog&amp;quot; tabindex=&amp;quot;-1&amp;quot; style=&amp;quot;display: block;&amp;quot;&amp;gt;...&amp;lt;/div&amp;gt;
  (Session info: chrome=75.0.3770.142)
Build info: version: &amp;apos;3.141.59&amp;apos;, revision: &amp;apos;e82be7d358&amp;apos;, time: &amp;apos;2018-11-14T08:17:03&amp;apos;
System info: host: &amp;apos;DESKTOP-BNP95F9&amp;apos;, ip: &amp;apos;192.168.56.1&amp;apos;, os.name: &amp;apos;Windows 10&amp;apos;, os.arch: &amp;apos;amd64&amp;apos;, os.version: &amp;apos;10.0&amp;apos;, java.version: &amp;apos;1.8.0_211&amp;apos;
Driver info: org.openqa.selenium.chrome.ChromeDriver
Capabilities {acceptInsecureCerts: false, browserName: chrome, browserVersion: 75.0.3770.142, chrome: {chromedriverVersion: 75.0.3770.140 (2d9f97485c7b..., userDataDir: C:\Users\310104~1\AppData\L...}, goog:chromeOptions: {debuggerAddress: localhost:65330}, javascriptEnabled: true, networkConnectionEnabled: false, pageLoadStrategy: normal, platform: XP, platformName: XP, proxy: Proxy(), setWindowRect: true, strictFileInteractability: false, timeouts: {implicit: 0, pageLoad: 300000, script: 30000}, unhandledPromptBehavior: dismiss and notify}
Session ID: e08d29584b99e2b7fc930ebee134489a">
      <![CDATA[org.openqa.selenium.ElementClickInterceptedException: element click intercepted: Element <a href="#" class="nav-link">...</a> is not clickable at point (1411, 28). Other element would receive the click: <div class="modal fade show" role="dialog" tabindex="-1" style="display: block;">...</div>
  (Session info: chrome=75.0.3770.142)
Build info: version: '3.141.59', revision: 'e82be7d358', time: '2018-11-14T08:17:03'
System info: host: 'DESKTOP-BNP95F9', ip: '192.168.56.1', os.name: 'Windows 10', os.arch: 'amd64', os.version: '10.0', java.version: '1.8.0_211'
Driver info: org.openqa.selenium.chrome.ChromeDriver
Capabilities {acceptInsecureCerts: false, browserName: chrome, browserVersion: 75.0.3770.142, chrome: {chromedriverVersion: 75.0.3770.140 (2d9f97485c7b..., userDataDir: C:\Users\310104~1\AppData\L...}, goog:chromeOptions: {debuggerAddress: localhost:65330}, javascriptEnabled: true, networkConnectionEnabled: false, pageLoadStrategy: normal, platform: XP, platformName: XP, proxy: Proxy(), setWindowRect: true, strictFileInteractability: false, timeouts: {implicit: 0, pageLoad: 300000, script: 30000}, unhandledPromptBehavior: dismiss and notify}
Session ID: e08d29584b99e2b7fc930ebee134489a
at org.openqa.selenium.remote.http.W3CHttpResponseCodec.createException(W3CHttpResponseCodec.java:187)
at org.openqa.selenium.remote.http.W3CHttpResponseCodec.decode(W3CHttpResponseCodec.java:122)
at org.openqa.selenium.remote.http.W3CHttpResponseCodec.decode(W3CHttpResponseCodec.java:49)
at org.openqa.selenium.remote.HttpCommandExecutor.execute(HttpCommandExecutor.java:158)
at org.openqa.selenium.remote.service.DriverCommandExecutor.execute(DriverCommandExecutor.java:83)
at org.openqa.selenium.remote.RemoteWebDriver.execute(RemoteWebDriver.java:552)
at org.openqa.selenium.remote.RemoteWebElement.execute(RemoteWebElement.java:285)
at org.openqa.selenium.remote.RemoteWebElement.click(RemoteWebElement.java:84)
at test.tracking.pobj.BaseObject.clickElement(BaseObject.java:42)
at test.tracking.pobj.RegisterPage.registerUser(RegisterPage.java:38)
at test.tracking.cases.AcceptanceTests.testUserRegistration(AcceptanceTests.java:59)
... Removed 29 stack frames]]>
    </failure>
  </testcase> <!-- testUserRegistration -->
  <testcase name="testViewChatMessagesWithDate" time="0.001" classname="test.tracking.cases.AcceptanceTests">
    <failure type="java.lang.AssertionError" message="null">
      <![CDATA[java.lang.AssertionError: null
at test.tracking.cases.AcceptanceTests.testViewChatMessagesWithDate(AcceptanceTests.java:258)
... Removed 27 stack frames]]>
    </failure>
  </testcase> <!-- testViewChatMessagesWithDate -->
</testsuite> <!-- Test -->
