<html>
<head>
<title>TestNG:  Default test</title>
<link href="../testng.css" rel="stylesheet" type="text/css" />
<link href="../my-testng.css" rel="stylesheet" type="text/css" />

<style type="text/css">
.log { display: none;} 
.stack-trace { display: none;} 
</style>
<script type="text/javascript">
<!--
function flip(e) {
  current = e.style.display;
  if (current == 'block') {
    e.style.display = 'none';
    return 0;
  }
  else {
    e.style.display = 'block';
    return 1;
  }
}

function toggleBox(szDivId, elem, msg1, msg2)
{
  var res = -1;  if (document.getElementById) {
    res = flip(document.getElementById(szDivId));
  }
  else if (document.all) {
    // this is the way old msie versions work
    res = flip(document.all[szDivId]);
  }
  if(elem) {
    if(res == 0) elem.innerHTML = msg1; else elem.innerHTML = msg2;
  }

}

function toggleAllBoxes() {
  if (document.getElementsByTagName) {
    d = document.getElementsByTagName('div');
    for (i = 0; i < d.length; i++) {
      if (d[i].className == 'log') {
        flip(d[i]);
      }
    }
  }
}

// -->
</script>

</head>
<body>
<h2 align='center'>Default test</h2><table border='1' align="center">
<tr>
<td>Tests passed/Failed/Skipped:</td><td>24/2/0</td>
</tr><tr>
<td>Started on:</td><td>Thu Aug 01 13:04:27 EDT 2019</td>
</tr>
<tr><td>Total time:</td><td>251 seconds (251286 ms)</td>
</tr><tr>
<td>Included groups:</td><td></td>
</tr><tr>
<td>Excluded groups:</td><td></td>
</tr>
</table><p/>
<small><i>(Hover the method name to see the test class name)</i></small><p/>
<table width='100%' border='1' class='invocation-failed'>
<tr><td colspan='4' align='center'><b>FAILED CONFIGURATIONS</b></td></tr>
<tr><td><b>Test method</b></td>
<td width="30%"><b>Exception</b></td>
<td width="10%"><b>Time (seconds)</b></td>
<td><b>Instance</b></td>
</tr>
<tr>
<td title='test.tracking.cases.AcceptanceTests.close()'><b>close</b><br>Test class: test.tracking.cases.AcceptanceTests</td>
<td><div><pre>org.openqa.selenium.NoSuchSessionException: invalid session id
Build info: version: &apos;3.141.59&apos;, revision: &apos;e82be7d358&apos;, time: &apos;2018-11-14T08:17:03&apos;
System info: host: &apos;DESKTOP-BNP95F9&apos;, ip: &apos;192.168.9.120&apos;, os.name: &apos;Windows 10&apos;, os.arch: &apos;amd64&apos;, os.version: &apos;10.0&apos;, java.version: &apos;1.8.0_211&apos;
Driver info: org.openqa.selenium.chrome.ChromeDriver
Capabilities {acceptInsecureCerts: false, browserName: chrome, browserVersion: 75.0.3770.142, chrome: {chromedriverVersion: 75.0.3770.140 (2d9f97485c7b..., userDataDir: C:\Users\310104~1\AppData\L...}, goog:chromeOptions: {debuggerAddress: localhost:57161}, javascriptEnabled: true, networkConnectionEnabled: false, pageLoadStrategy: normal, platform: XP, platformName: XP, proxy: Proxy(), setWindowRect: true, strictFileInteractability: false, timeouts: {implicit: 0, pageLoad: 300000, script: 30000}, unhandledPromptBehavior: dismiss and notify}
Session ID: 671472f801be3717530c2c488d170d2d
	at sun.reflect.NativeConstructorAccessorImpl.newInstance0(Native Method)
	at sun.reflect.NativeConstructorAccessorImpl.newInstance(Unknown Source)
	at sun.reflect.DelegatingConstructorAccessorImpl.newInstance(Unknown Source)
	at java.lang.reflect.Constructor.newInstance(Unknown Source)
	at org.openqa.selenium.remote.http.W3CHttpResponseCodec.createException(W3CHttpResponseCodec.java:187)
	at org.openqa.selenium.remote.http.W3CHttpResponseCodec.decode(W3CHttpResponseCodec.java:122)
	at org.openqa.selenium.remote.http.W3CHttpResponseCodec.decode(W3CHttpResponseCodec.java:49)
	at org.openqa.selenium.remote.HttpCommandExecutor.execute(HttpCommandExecutor.java:158)
	at org.openqa.selenium.remote.service.DriverCommandExecutor.execute(DriverCommandExecutor.java:83)
	at org.openqa.selenium.remote.RemoteWebDriver.execute(RemoteWebDriver.java:552)
	at org.openqa.selenium.remote.RemoteWebDriver.execute(RemoteWebDriver.java:609)
	at org.openqa.selenium.remote.RemoteWebDriver.close(RemoteWebDriver.java:442)
	at test.tracking.cases.BaseTestCase.close(BaseTestCase.java:31)
	at sun.reflect.NativeMethodAccessorImpl.invoke0(Native Method)
	at sun.reflect.NativeMethodAccessorImpl.invoke(Unknown Source)
	at sun.reflect.DelegatingMethodAccessorImpl.invoke(Unknown Source)
	at java.lang.reflect.Method.invoke(Unknown Source)
	at org.testng.internal.MethodInvocationHelper.invokeMethod(MethodInvocationHelper.java:124)
	at org.testng.internal.MethodInvocationHelper.invokeMethodConsideringTimeout(MethodInvocationHelper.java:59)
	at org.testng.internal.Invoker.invokeConfigurationMethod(Invoker.java:458)
	at org.testng.internal.Invoker.invokeConfigurations(Invoker.java:222)
	at org.testng.internal.Invoker.invokeConfigurations(Invoker.java:142)
	at org.testng.internal.TestMethodWorker.invokeAfterClassMethods(TestMethodWorker.java:214)
	at org.testng.internal.TestMethodWorker.run(TestMethodWorker.java:111)
	at org.testng.TestRunner.privateRun(TestRunner.java:648)
	at org.testng.TestRunner.run(TestRunner.java:505)
	at org.testng.SuiteRunner.runTest(SuiteRunner.java:455)
	at org.testng.SuiteRunner.runSequentially(SuiteRunner.java:450)
	at org.testng.SuiteRunner.privateRun(SuiteRunner.java:415)
	at org.testng.SuiteRunner.run(SuiteRunner.java:364)
	at org.testng.SuiteRunnerWorker.runSuite(SuiteRunnerWorker.java:52)
	at org.testng.SuiteRunnerWorker.run(SuiteRunnerWorker.java:84)
	at org.testng.TestNG.runSuitesSequentially(TestNG.java:1208)
	at org.testng.TestNG.runSuitesLocally(TestNG.java:1137)
	at org.testng.TestNG.runSuites(TestNG.java:1049)
	at org.testng.TestNG.run(TestNG.java:1017)
	at org.testng.remote.AbstractRemoteTestNG.run(AbstractRemoteTestNG.java:115)
	at org.testng.remote.RemoteTestNG.initAndRun(RemoteTestNG.java:251)
	at org.testng.remote.RemoteTestNG.main(RemoteTestNG.java:77)
</pre></div><a href='#' onClick='toggleBox("stack-trace1749205249", this, "Click to show all stack frames", "Click to hide stack frames")'>Click to show all stack frames</a>
<div class='stack-trace' id='stack-trace1749205249'><pre>org.openqa.selenium.NoSuchSessionException: invalid session id
Build info: version: &apos;3.141.59&apos;, revision: &apos;e82be7d358&apos;, time: &apos;2018-11-14T08:17:03&apos;
System info: host: &apos;DESKTOP-BNP95F9&apos;, ip: &apos;192.168.9.120&apos;, os.name: &apos;Windows 10&apos;, os.arch: &apos;amd64&apos;, os.version: &apos;10.0&apos;, java.version: &apos;1.8.0_211&apos;
Driver info: org.openqa.selenium.chrome.ChromeDriver
Capabilities {acceptInsecureCerts: false, browserName: chrome, browserVersion: 75.0.3770.142, chrome: {chromedriverVersion: 75.0.3770.140 (2d9f97485c7b..., userDataDir: C:\Users\310104~1\AppData\L...}, goog:chromeOptions: {debuggerAddress: localhost:57161}, javascriptEnabled: true, networkConnectionEnabled: false, pageLoadStrategy: normal, platform: XP, platformName: XP, proxy: Proxy(), setWindowRect: true, strictFileInteractability: false, timeouts: {implicit: 0, pageLoad: 300000, script: 30000}, unhandledPromptBehavior: dismiss and notify}
Session ID: 671472f801be3717530c2c488d170d2d
	at sun.reflect.NativeConstructorAccessorImpl.newInstance0(Native Method)
	at sun.reflect.NativeConstructorAccessorImpl.newInstance(Unknown Source)
	at sun.reflect.DelegatingConstructorAccessorImpl.newInstance(Unknown Source)
	at java.lang.reflect.Constructor.newInstance(Unknown Source)
	at org.openqa.selenium.remote.http.W3CHttpResponseCodec.createException(W3CHttpResponseCodec.java:187)
	at org.openqa.selenium.remote.http.W3CHttpResponseCodec.decode(W3CHttpResponseCodec.java:122)
	at org.openqa.selenium.remote.http.W3CHttpResponseCodec.decode(W3CHttpResponseCodec.java:49)
	at org.openqa.selenium.remote.HttpCommandExecutor.execute(HttpCommandExecutor.java:158)
	at org.openqa.selenium.remote.service.DriverCommandExecutor.execute(DriverCommandExecutor.java:83)
	at org.openqa.selenium.remote.RemoteWebDriver.execute(RemoteWebDriver.java:552)
	at org.openqa.selenium.remote.RemoteWebDriver.execute(RemoteWebDriver.java:609)
	at org.openqa.selenium.remote.RemoteWebDriver.close(RemoteWebDriver.java:442)
	at test.tracking.cases.BaseTestCase.close(BaseTestCase.java:31)
	at sun.reflect.NativeMethodAccessorImpl.invoke0(Native Method)
	at sun.reflect.NativeMethodAccessorImpl.invoke(Unknown Source)
	at sun.reflect.DelegatingMethodAccessorImpl.invoke(Unknown Source)
	at java.lang.reflect.Method.invoke(Unknown Source)
	at org.testng.internal.MethodInvocationHelper.invokeMethod(MethodInvocationHelper.java:124)
	at org.testng.internal.MethodInvocationHelper.invokeMethodConsideringTimeout(MethodInvocationHelper.java:59)
	at org.testng.internal.Invoker.invokeConfigurationMethod(Invoker.java:458)
	at org.testng.internal.Invoker.invokeConfigurations(Invoker.java:222)
	at org.testng.internal.Invoker.invokeConfigurations(Invoker.java:142)
	at org.testng.internal.TestMethodWorker.invokeAfterClassMethods(TestMethodWorker.java:214)
	at org.testng.internal.TestMethodWorker.run(TestMethodWorker.java:111)
	at org.testng.TestRunner.privateRun(TestRunner.java:648)
	at org.testng.TestRunner.run(TestRunner.java:505)
	at org.testng.SuiteRunner.runTest(SuiteRunner.java:455)
	at org.testng.SuiteRunner.runSequentially(SuiteRunner.java:450)
	at org.testng.SuiteRunner.privateRun(SuiteRunner.java:415)
	at org.testng.SuiteRunner.run(SuiteRunner.java:364)
	at org.testng.SuiteRunnerWorker.runSuite(SuiteRunnerWorker.java:52)
	at org.testng.SuiteRunnerWorker.run(SuiteRunnerWorker.java:84)
	at org.testng.TestNG.runSuitesSequentially(TestNG.java:1208)
	at org.testng.TestNG.runSuitesLocally(TestNG.java:1137)
	at org.testng.TestNG.runSuites(TestNG.java:1049)
	at org.testng.TestNG.run(TestNG.java:1017)
	at org.testng.remote.AbstractRemoteTestNG.run(AbstractRemoteTestNG.java:115)
	at org.testng.remote.RemoteTestNG.initAndRun(RemoteTestNG.java:251)
	at org.testng.remote.RemoteTestNG.main(RemoteTestNG.java:77)
</pre></div></td>
<td>0</td>
<td>test.tracking.cases.AcceptanceTests@523884b2</td></tr>
</table><p>
<table width='100%' border='1' class='invocation-failed'>
<tr><td colspan='4' align='center'><b>FAILED TESTS</b></td></tr>
<tr><td><b>Test method</b></td>
<td width="30%"><b>Exception</b></td>
<td width="10%"><b>Time (seconds)</b></td>
<td><b>Instance</b></td>
</tr>
<tr>
<td title='test.tracking.cases.AcceptanceTests.testCardMoveFromToDo2WIP()'><b>testCardMoveFromToDo2WIP</b><br>Test class: test.tracking.cases.AcceptanceTests<br>Test method: Verify that User can Move the Card from To-Do to Work in Progress stage</td>
<td><div><pre>java.lang.IndexOutOfBoundsException: Index: 0, Size: 0
	at java.util.ArrayList.rangeCheck(Unknown Source)
	at java.util.ArrayList.get(Unknown Source)
	at test.tracking.pobj.SprintPage.changeCardStage(SprintPage.java:89)
	at test.tracking.cases.AcceptanceTests.testCardMoveFromToDo2WIP(AcceptanceTests.java:253)
	at sun.reflect.NativeMethodAccessorImpl.invoke0(Native Method)
	at sun.reflect.NativeMethodAccessorImpl.invoke(Unknown Source)
	at sun.reflect.DelegatingMethodAccessorImpl.invoke(Unknown Source)
	at java.lang.reflect.Method.invoke(Unknown Source)
	at org.testng.internal.MethodInvocationHelper.invokeMethod(MethodInvocationHelper.java:124)
	at org.testng.internal.Invoker.invokeMethod(Invoker.java:583)
	at org.testng.internal.Invoker.invokeTestMethod(Invoker.java:719)
	at org.testng.internal.Invoker.invokeTestMethods(Invoker.java:989)
	at org.testng.internal.TestMethodWorker.invokeTestMethods(TestMethodWorker.java:125)
	at org.testng.internal.TestMethodWorker.run(TestMethodWorker.java:109)
	at org.testng.TestRunner.privateRun(TestRunner.java:648)
	at org.testng.TestRunner.run(TestRunner.java:505)
	at org.testng.SuiteRunner.runTest(SuiteRunner.java:455)
	at org.testng.SuiteRunner.runSequentially(SuiteRunner.java:450)
	at org.testng.SuiteRunner.privateRun(SuiteRunner.java:415)
	at org.testng.SuiteRunner.run(SuiteRunner.java:364)
	at org.testng.SuiteRunnerWorker.runSuite(SuiteRunnerWorker.java:52)
	at org.testng.SuiteRunnerWorker.run(SuiteRunnerWorker.java:84)
	at org.testng.TestNG.runSuitesSequentially(TestNG.java:1208)
	at org.testng.TestNG.runSuitesLocally(TestNG.java:1137)
	at org.testng.TestNG.runSuites(TestNG.java:1049)
	at org.testng.TestNG.run(TestNG.java:1017)
	at org.testng.remote.AbstractRemoteTestNG.run(AbstractRemoteTestNG.java:115)
	at org.testng.remote.RemoteTestNG.initAndRun(RemoteTestNG.java:251)
	at org.testng.remote.RemoteTestNG.main(RemoteTestNG.java:77)
</pre></div><a href='#' onClick='toggleBox("stack-trace1175146719", this, "Click to show all stack frames", "Click to hide stack frames")'>Click to show all stack frames</a>
<div class='stack-trace' id='stack-trace1175146719'><pre>java.lang.IndexOutOfBoundsException: Index: 0, Size: 0
	at java.util.ArrayList.rangeCheck(Unknown Source)
	at java.util.ArrayList.get(Unknown Source)
	at test.tracking.pobj.SprintPage.changeCardStage(SprintPage.java:89)
	at test.tracking.cases.AcceptanceTests.testCardMoveFromToDo2WIP(AcceptanceTests.java:253)
	at sun.reflect.NativeMethodAccessorImpl.invoke0(Native Method)
	at sun.reflect.NativeMethodAccessorImpl.invoke(Unknown Source)
	at sun.reflect.DelegatingMethodAccessorImpl.invoke(Unknown Source)
	at java.lang.reflect.Method.invoke(Unknown Source)
	at org.testng.internal.MethodInvocationHelper.invokeMethod(MethodInvocationHelper.java:124)
	at org.testng.internal.Invoker.invokeMethod(Invoker.java:583)
	at org.testng.internal.Invoker.invokeTestMethod(Invoker.java:719)
	at org.testng.internal.Invoker.invokeTestMethods(Invoker.java:989)
	at org.testng.internal.TestMethodWorker.invokeTestMethods(TestMethodWorker.java:125)
	at org.testng.internal.TestMethodWorker.run(TestMethodWorker.java:109)
	at org.testng.TestRunner.privateRun(TestRunner.java:648)
	at org.testng.TestRunner.run(TestRunner.java:505)
	at org.testng.SuiteRunner.runTest(SuiteRunner.java:455)
	at org.testng.SuiteRunner.runSequentially(SuiteRunner.java:450)
	at org.testng.SuiteRunner.privateRun(SuiteRunner.java:415)
	at org.testng.SuiteRunner.run(SuiteRunner.java:364)
	at org.testng.SuiteRunnerWorker.runSuite(SuiteRunnerWorker.java:52)
	at org.testng.SuiteRunnerWorker.run(SuiteRunnerWorker.java:84)
	at org.testng.TestNG.runSuitesSequentially(TestNG.java:1208)
	at org.testng.TestNG.runSuitesLocally(TestNG.java:1137)
	at org.testng.TestNG.runSuites(TestNG.java:1049)
	at org.testng.TestNG.run(TestNG.java:1017)
	at org.testng.remote.AbstractRemoteTestNG.run(AbstractRemoteTestNG.java:115)
	at org.testng.remote.RemoteTestNG.initAndRun(RemoteTestNG.java:251)
	at org.testng.remote.RemoteTestNG.main(RemoteTestNG.java:77)
</pre></div></td>
<td>0</td>
<td>test.tracking.cases.AcceptanceTests@523884b2</td></tr>
<tr>
<td title='test.tracking.cases.AcceptanceTests.testCreateCardInSprintPage()'><b>testCreateCardInSprintPage</b><br>Test class: test.tracking.cases.AcceptanceTests<br>Test method: Verify that User can create a Card in the Sprint Page<br/>
<a href="#Output-153048669" onClick='toggleBox("Output-153048669", this, "Show output", "Hide output");'>Show output</a>

<a href="#Output-153048669" onClick="toggleAllBoxes();">Show all outputs</a>
<div class='log' id="Output-153048669">
Entered the values for the Card Creation<br/>
Completed Card creation<br/>
Changing project selection due to current issue with auto page refresh - THIS SHOULD BE FIXED<br/>
</div>
</td>
<td><div><pre>org.openqa.selenium.NoSuchElementException: no such element: Unable to locate element: {&quot;method&quot;:&quot;xpath&quot;,&quot;selector&quot;:&quot;//div[contains(text(), &apos;AUTOMATION 2 - Create slides for Demo&apos;)]&quot;}
  (Session info: chrome=75.0.3770.142)
For documentation on this error, please visit: https://www.seleniumhq.org/exceptions/no_such_element.html
Build info: version: &apos;3.141.59&apos;, revision: &apos;e82be7d358&apos;, time: &apos;2018-11-14T08:17:03&apos;
System info: host: &apos;DESKTOP-BNP95F9&apos;, ip: &apos;192.168.9.120&apos;, os.name: &apos;Windows 10&apos;, os.arch: &apos;amd64&apos;, os.version: &apos;10.0&apos;, java.version: &apos;1.8.0_211&apos;
Driver info: org.openqa.selenium.chrome.ChromeDriver
Capabilities {acceptInsecureCerts: false, browserName: chrome, browserVersion: 75.0.3770.142, chrome: {chromedriverVersion: 75.0.3770.140 (2d9f97485c7b..., userDataDir: C:\Users\310104~1\AppData\L...}, goog:chromeOptions: {debuggerAddress: localhost:57161}, javascriptEnabled: true, networkConnectionEnabled: false, pageLoadStrategy: normal, platform: XP, platformName: XP, proxy: Proxy(), setWindowRect: true, strictFileInteractability: false, timeouts: {implicit: 0, pageLoad: 300000, script: 30000}, unhandledPromptBehavior: dismiss and notify}
Session ID: 671472f801be3717530c2c488d170d2d
*** Element info: {Using=xpath, value=//div[contains(text(), &apos;AUTOMATION 2 - Create slides for Demo&apos;)]}
	at sun.reflect.NativeConstructorAccessorImpl.newInstance0(Native Method)
	at sun.reflect.NativeConstructorAccessorImpl.newInstance(Unknown Source)
	at sun.reflect.DelegatingConstructorAccessorImpl.newInstance(Unknown Source)
	at java.lang.reflect.Constructor.newInstance(Unknown Source)
	at org.openqa.selenium.remote.http.W3CHttpResponseCodec.createException(W3CHttpResponseCodec.java:187)
	at org.openqa.selenium.remote.http.W3CHttpResponseCodec.decode(W3CHttpResponseCodec.java:122)
	at org.openqa.selenium.remote.http.W3CHttpResponseCodec.decode(W3CHttpResponseCodec.java:49)
	at org.openqa.selenium.remote.HttpCommandExecutor.execute(HttpCommandExecutor.java:158)
	at org.openqa.selenium.remote.service.DriverCommandExecutor.execute(DriverCommandExecutor.java:83)
	at org.openqa.selenium.remote.RemoteWebDriver.execute(RemoteWebDriver.java:552)
	at org.openqa.selenium.remote.RemoteWebDriver.findElement(RemoteWebDriver.java:323)
	at org.openqa.selenium.remote.RemoteWebDriver.findElementByXPath(RemoteWebDriver.java:428)
	at org.openqa.selenium.By$ByXPath.findElement(By.java:353)
	at org.openqa.selenium.remote.RemoteWebDriver.findElement(RemoteWebDriver.java:315)
	at test.tracking.pobj.SprintPage.createCard(SprintPage.java:45)
	at test.tracking.cases.AcceptanceTests.testCreateCardInSprintPage(AcceptanceTests.java:243)
	at sun.reflect.NativeMethodAccessorImpl.invoke0(Native Method)
	at sun.reflect.NativeMethodAccessorImpl.invoke(Unknown Source)
	at sun.reflect.DelegatingMethodAccessorImpl.invoke(Unknown Source)
	at java.lang.reflect.Method.invoke(Unknown Source)
	at org.testng.internal.MethodInvocationHelper.invokeMethod(MethodInvocationHelper.java:124)
	at org.testng.internal.Invoker.invokeMethod(Invoker.java:583)
	at org.testng.internal.Invoker.invokeTestMethod(Invoker.java:719)
	at org.testng.internal.Invoker.invokeTestMethods(Invoker.java:989)
	at org.testng.internal.TestMethodWorker.invokeTestMethods(TestMethodWorker.java:125)
	at org.testng.internal.TestMethodWorker.run(TestMethodWorker.java:109)
	at org.testng.TestRunner.privateRun(TestRunner.java:648)
	at org.testng.TestRunner.run(TestRunner.java:505)
	at org.testng.SuiteRunner.runTest(SuiteRunner.java:455)
	at org.testng.SuiteRunner.runSequentially(SuiteRunner.java:450)
	at org.testng.SuiteRunner.privateRun(SuiteRunner.java:415)
	at org.testng.SuiteRunner.run(SuiteRunner.java:364)
	at org.testng.SuiteRunnerWorker.runSuite(SuiteRunnerWorker.java:52)
	at org.testng.SuiteRunnerWorker.run(SuiteRunnerWorker.java:84)
	at org.testng.TestNG.runSuitesSequentially(TestNG.java:1208)
	at org.testng.TestNG.runSuitesLocally(TestNG.java:1137)
	at org.testng.TestNG.runSuites(TestNG.java:1049)
	at org.testng.TestNG.run(TestNG.java:1017)
	at org.testng.remote.AbstractRemoteTestNG.run(AbstractRemoteTestNG.java:115)
	at org.testng.remote.RemoteTestNG.initAndRun(RemoteTestNG.java:251)
	at org.testng.remote.RemoteTestNG.main(RemoteTestNG.java:77)
</pre></div><a href='#' onClick='toggleBox("stack-trace153048669", this, "Click to show all stack frames", "Click to hide stack frames")'>Click to show all stack frames</a>
<div class='stack-trace' id='stack-trace153048669'><pre>org.openqa.selenium.NoSuchElementException: no such element: Unable to locate element: {&quot;method&quot;:&quot;xpath&quot;,&quot;selector&quot;:&quot;//div[contains(text(), &apos;AUTOMATION 2 - Create slides for Demo&apos;)]&quot;}
  (Session info: chrome=75.0.3770.142)
For documentation on this error, please visit: https://www.seleniumhq.org/exceptions/no_such_element.html
Build info: version: &apos;3.141.59&apos;, revision: &apos;e82be7d358&apos;, time: &apos;2018-11-14T08:17:03&apos;
System info: host: &apos;DESKTOP-BNP95F9&apos;, ip: &apos;192.168.9.120&apos;, os.name: &apos;Windows 10&apos;, os.arch: &apos;amd64&apos;, os.version: &apos;10.0&apos;, java.version: &apos;1.8.0_211&apos;
Driver info: org.openqa.selenium.chrome.ChromeDriver
Capabilities {acceptInsecureCerts: false, browserName: chrome, browserVersion: 75.0.3770.142, chrome: {chromedriverVersion: 75.0.3770.140 (2d9f97485c7b..., userDataDir: C:\Users\310104~1\AppData\L...}, goog:chromeOptions: {debuggerAddress: localhost:57161}, javascriptEnabled: true, networkConnectionEnabled: false, pageLoadStrategy: normal, platform: XP, platformName: XP, proxy: Proxy(), setWindowRect: true, strictFileInteractability: false, timeouts: {implicit: 0, pageLoad: 300000, script: 30000}, unhandledPromptBehavior: dismiss and notify}
Session ID: 671472f801be3717530c2c488d170d2d
*** Element info: {Using=xpath, value=//div[contains(text(), &apos;AUTOMATION 2 - Create slides for Demo&apos;)]}
	at sun.reflect.NativeConstructorAccessorImpl.newInstance0(Native Method)
	at sun.reflect.NativeConstructorAccessorImpl.newInstance(Unknown Source)
	at sun.reflect.DelegatingConstructorAccessorImpl.newInstance(Unknown Source)
	at java.lang.reflect.Constructor.newInstance(Unknown Source)
	at org.openqa.selenium.remote.http.W3CHttpResponseCodec.createException(W3CHttpResponseCodec.java:187)
	at org.openqa.selenium.remote.http.W3CHttpResponseCodec.decode(W3CHttpResponseCodec.java:122)
	at org.openqa.selenium.remote.http.W3CHttpResponseCodec.decode(W3CHttpResponseCodec.java:49)
	at org.openqa.selenium.remote.HttpCommandExecutor.execute(HttpCommandExecutor.java:158)
	at org.openqa.selenium.remote.service.DriverCommandExecutor.execute(DriverCommandExecutor.java:83)
	at org.openqa.selenium.remote.RemoteWebDriver.execute(RemoteWebDriver.java:552)
	at org.openqa.selenium.remote.RemoteWebDriver.findElement(RemoteWebDriver.java:323)
	at org.openqa.selenium.remote.RemoteWebDriver.findElementByXPath(RemoteWebDriver.java:428)
	at org.openqa.selenium.By$ByXPath.findElement(By.java:353)
	at org.openqa.selenium.remote.RemoteWebDriver.findElement(RemoteWebDriver.java:315)
	at test.tracking.pobj.SprintPage.createCard(SprintPage.java:45)
	at test.tracking.cases.AcceptanceTests.testCreateCardInSprintPage(AcceptanceTests.java:243)
	at sun.reflect.NativeMethodAccessorImpl.invoke0(Native Method)
	at sun.reflect.NativeMethodAccessorImpl.invoke(Unknown Source)
	at sun.reflect.DelegatingMethodAccessorImpl.invoke(Unknown Source)
	at java.lang.reflect.Method.invoke(Unknown Source)
	at org.testng.internal.MethodInvocationHelper.invokeMethod(MethodInvocationHelper.java:124)
	at org.testng.internal.Invoker.invokeMethod(Invoker.java:583)
	at org.testng.internal.Invoker.invokeTestMethod(Invoker.java:719)
	at org.testng.internal.Invoker.invokeTestMethods(Invoker.java:989)
	at org.testng.internal.TestMethodWorker.invokeTestMethods(TestMethodWorker.java:125)
	at org.testng.internal.TestMethodWorker.run(TestMethodWorker.java:109)
	at org.testng.TestRunner.privateRun(TestRunner.java:648)
	at org.testng.TestRunner.run(TestRunner.java:505)
	at org.testng.SuiteRunner.runTest(SuiteRunner.java:455)
	at org.testng.SuiteRunner.runSequentially(SuiteRunner.java:450)
	at org.testng.SuiteRunner.privateRun(SuiteRunner.java:415)
	at org.testng.SuiteRunner.run(SuiteRunner.java:364)
	at org.testng.SuiteRunnerWorker.runSuite(SuiteRunnerWorker.java:52)
	at org.testng.SuiteRunnerWorker.run(SuiteRunnerWorker.java:84)
	at org.testng.TestNG.runSuitesSequentially(TestNG.java:1208)
	at org.testng.TestNG.runSuitesLocally(TestNG.java:1137)
	at org.testng.TestNG.runSuites(TestNG.java:1049)
	at org.testng.TestNG.run(TestNG.java:1017)
	at org.testng.remote.AbstractRemoteTestNG.run(AbstractRemoteTestNG.java:115)
	at org.testng.remote.RemoteTestNG.initAndRun(RemoteTestNG.java:251)
	at org.testng.remote.RemoteTestNG.main(RemoteTestNG.java:77)
</pre></div></td>
<td>11</td>
<td>test.tracking.cases.AcceptanceTests@523884b2</td></tr>
</table><p>
<table width='100%' border='1' class='invocation-passed'>
<tr><td colspan='4' align='center'><b>PASSED TESTS</b></td></tr>
<tr><td><b>Test method</b></td>
<td width="30%"><b>Exception</b></td>
<td width="10%"><b>Time (seconds)</b></td>
<td><b>Instance</b></td>
</tr>
<tr>
<td title='test.tracking.cases.AcceptanceTests.testAddCardToCurrentSprint()'><b>testAddCardToCurrentSprint</b><br>Test class: test.tracking.cases.AcceptanceTests<br>Test method: Verify that the User can move the first card in the backlog to the active Sprint</td>
<td></td>
<td>3</td>
<td>test.tracking.cases.AcceptanceTests@523884b2</td></tr>
<tr>
<td title='test.tracking.cases.AcceptanceTests.testAddCommentsToCard()'><b>testAddCommentsToCard</b><br>Test class: test.tracking.cases.AcceptanceTests<br>Test method: Verify that User can Add comments to a Card<br/>
<a href="#Output-1361009437" onClick='toggleBox("Output-1361009437", this, "Show output", "Hide output");'>Show output</a>

<a href="#Output-1361009437" onClick="toggleAllBoxes();">Show all outputs</a>
<div class='log' id="Output-1361009437">
Can see the Card in the Cards list<br/>
</div>
</td>
<td></td>
<td>7</td>
<td>test.tracking.cases.AcceptanceTests@523884b2</td></tr>
<tr>
<td title='test.tracking.cases.AcceptanceTests.testAddingEpicsToProject()'><b>testAddingEpicsToProject</b><br>Test class: test.tracking.cases.AcceptanceTests<br>Test method: Verify that Project Manager can add Epics to the created Project</td>
<td></td>
<td>8</td>
<td>test.tracking.cases.AcceptanceTests@523884b2</td></tr>
<tr>
<td title='test.tracking.cases.AcceptanceTests.testAddingUsersToProject()'><b>testAddingUsersToProject</b><br>Test class: test.tracking.cases.AcceptanceTests<br>Test method: Verify that Project manager can add Users to the created Project</td>
<td></td>
<td>12</td>
<td>test.tracking.cases.AcceptanceTests@523884b2</td></tr>
<tr>
<td title='test.tracking.cases.AcceptanceTests.testApplicationAvailability()'><b>testApplicationAvailability</b><br>Test class: test.tracking.cases.AcceptanceTests<br>Test method: Verify that the application is available on the cloud server<br/>
<a href="#Output-1305004711" onClick='toggleBox("Output-1305004711", this, "Show output", "Hide output");'>Show output</a>

<a href="#Output-1305004711" onClick="toggleAllBoxes();">Show all outputs</a>
<div class='log' id="Output-1305004711">
Application is available @ http://localhost:3000/#/Admin<br/>
</div>
</td>
<td></td>
<td>0</td>
<td>test.tracking.cases.AcceptanceTests@523884b2</td></tr>
<tr>
<td title='test.tracking.cases.AcceptanceTests.testCardMoveFromComplete2Accepted()'><b>testCardMoveFromComplete2Accepted</b><br>Test class: test.tracking.cases.AcceptanceTests<br>Test method: Verify that User can Move the Card from To-Do to Backlog stage</td>
<td></td>
<td>9</td>
<td>test.tracking.cases.AcceptanceTests@523884b2</td></tr>
<tr>
<td title='test.tracking.cases.AcceptanceTests.testCardMoveFromVerification2Complete()'><b>testCardMoveFromVerification2Complete</b><br>Test class: test.tracking.cases.AcceptanceTests<br>Test method: Verify that User can Move the Card from Verification to Complete stage</td>
<td></td>
<td>9</td>
<td>test.tracking.cases.AcceptanceTests@523884b2</td></tr>
<tr>
<td title='test.tracking.cases.AcceptanceTests.testCardMoveFromWIP2Verification()'><b>testCardMoveFromWIP2Verification</b><br>Test class: test.tracking.cases.AcceptanceTests<br>Test method: Verify that User can Move the Card from Work in Progress to Verification stage</td>
<td></td>
<td>9</td>
<td>test.tracking.cases.AcceptanceTests@523884b2</td></tr>
<tr>
<td title='test.tracking.cases.AcceptanceTests.testCardsGroupingInSprintPage()'><b>testCardsGroupingInSprintPage</b><br>Test class: test.tracking.cases.AcceptanceTests<br>Test method: Verify that the Cards in the Sprint Page are grouped by their stage</td>
<td></td>
<td>0</td>
<td>test.tracking.cases.AcceptanceTests@523884b2</td></tr>
<tr>
<td title='test.tracking.cases.AcceptanceTests.testCreateCardInBacklog()'><b>testCreateCardInBacklog</b><br>Test class: test.tracking.cases.AcceptanceTests<br>Test method: Verify that the User can create a Card in the Backlog page<br/>
<a href="#Output-1252138909" onClick='toggleBox("Output-1252138909", this, "Show output", "Hide output");'>Show output</a>

<a href="#Output-1252138909" onClick="toggleAllBoxes();">Show all outputs</a>
<div class='log' id="Output-1252138909">
Entered the values for the Card Creation<br/>
Completed Card creation<br/>
Changing project selection due to current issue with auto page refresh - THIS SHOULD BE FIXED<br/>
Can see the Card created in the Cards list<br/>
</div>
</td>
<td></td>
<td>18</td>
<td>test.tracking.cases.AcceptanceTests@523884b2</td></tr>
<tr>
<td title='test.tracking.cases.AcceptanceTests.testFilterByProjectAndStageReportPage()'><b>testFilterByProjectAndStageReportPage</b><br>Test class: test.tracking.cases.AcceptanceTests<br>Test method: Verify that User can navigate to Reports page <br/>
<a href="#Output-516570791" onClick='toggleBox("Output-516570791", this, "Show output", "Hide output");'>Show output</a>

<a href="#Output-516570791" onClick="toggleAllBoxes();">Show all outputs</a>
<div class='log' id="Output-516570791">
Selected Project and Stage for the report<br/>
</div>
</td>
<td></td>
<td>3</td>
<td>test.tracking.cases.AcceptanceTests@523884b2</td></tr>
<tr>
<td title='test.tracking.cases.AcceptanceTests.testInvalidCredentials()'><b>testInvalidCredentials</b><br>Test class: test.tracking.cases.AcceptanceTests<br>Test method: Verify that a User with incorrect Credentials cannot login</td>
<td></td>
<td>10</td>
<td>test.tracking.cases.AcceptanceTests@523884b2</td></tr>
<tr>
<td title='test.tracking.cases.AcceptanceTests.testNavigateToChatPage()'><b>testNavigateToChatPage</b><br>Test class: test.tracking.cases.AcceptanceTests<br>Test method: Verify that User can Navigate to Chat page</td>
<td></td>
<td>0</td>
<td>test.tracking.cases.AcceptanceTests@523884b2</td></tr>
<tr>
<td title='test.tracking.cases.AcceptanceTests.testNavigateToReportPage()'><b>testNavigateToReportPage</b><br>Test class: test.tracking.cases.AcceptanceTests<br>Test method: Verify that User can navigate to Reports page </td>
<td></td>
<td>0</td>
<td>test.tracking.cases.AcceptanceTests@523884b2</td></tr>
<tr>
<td title='test.tracking.cases.AcceptanceTests.testNavigateToSprintPage()'><b>testNavigateToSprintPage</b><br>Test class: test.tracking.cases.AcceptanceTests<br>Test method: Verify that User can Navigate to Sprint page</td>
<td></td>
<td>0</td>
<td>test.tracking.cases.AcceptanceTests@523884b2</td></tr>
<tr>
<td title='test.tracking.cases.AcceptanceTests.testProjectCreation()'><b>testProjectCreation</b><br>Test class: test.tracking.cases.AcceptanceTests<br>Test method: Verify that Project Manager can create a Project<br/>
<a href="#Output-986238875" onClick='toggleBox("Output-986238875", this, "Show output", "Hide output");'>Show output</a>

<a href="#Output-986238875" onClick="toggleAllBoxes();">Show all outputs</a>
<div class='log' id="Output-986238875">
Entered the values for the Project Creation<br/>
Completed Project creation<br/>
Can see the project created in the Project list<br/>
</div>
</td>
<td></td>
<td>11</td>
<td>test.tracking.cases.AcceptanceTests@523884b2</td></tr>
<tr>
<td title='test.tracking.cases.AcceptanceTests.testProjectSelectionInBacklog()'><b>testProjectSelectionInBacklog</b><br>Test class: test.tracking.cases.AcceptanceTests<br>Test method: Verify that User can select the project in the Backlog page</td>
<td></td>
<td>3</td>
<td>test.tracking.cases.AcceptanceTests@523884b2</td></tr>
<tr>
<td title='test.tracking.cases.AcceptanceTests.testProjectSelectionInChat()'><b>testProjectSelectionInChat</b><br>Test class: test.tracking.cases.AcceptanceTests<br>Test method: Verify that User can select the project in the Chat page</td>
<td></td>
<td>3</td>
<td>test.tracking.cases.AcceptanceTests@523884b2</td></tr>
<tr>
<td title='test.tracking.cases.AcceptanceTests.testProjectSelectionInSprint()'><b>testProjectSelectionInSprint</b><br>Test class: test.tracking.cases.AcceptanceTests<br>Test method: Verify that User can select the project in the Sprint page</td>
<td></td>
<td>6</td>
<td>test.tracking.cases.AcceptanceTests@523884b2</td></tr>
<tr>
<td title='test.tracking.cases.AcceptanceTests.testSendMessage()'><b>testSendMessage</b><br>Test class: test.tracking.cases.AcceptanceTests<br>Test method: Verify that User can View the chat messages along with time stamp<br/>
<a href="#Output-850300711" onClick='toggleBox("Output-850300711", this, "Show output", "Hide output");'>Show output</a>

<a href="#Output-850300711" onClick="toggleAllBoxes();">Show all outputs</a>
<div class='log' id="Output-850300711">
Message Sent<br/>
</div>
</td>
<td></td>
<td>6</td>
<td>test.tracking.cases.AcceptanceTests@523884b2</td></tr>
<tr>
<td title='test.tracking.cases.AcceptanceTests.testUserDefaultRole()'><b>testUserDefaultRole</b><br>Test class: test.tracking.cases.AcceptanceTests<br>Test method: Verify that the Registered User is not a Project Manager by default</td>
<td></td>
<td>10</td>
<td>test.tracking.cases.AcceptanceTests@523884b2</td></tr>
<tr>
<td title='test.tracking.cases.AcceptanceTests.testUserLogout()'><b>testUserLogout</b><br>Test class: test.tracking.cases.AcceptanceTests<br>Test method: Verify that User can logout</td>
<td></td>
<td>3</td>
<td>test.tracking.cases.AcceptanceTests@523884b2</td></tr>
<tr>
<td title='test.tracking.cases.AcceptanceTests.testUserPromotion()'><b>testUserPromotion</b><br>Test class: test.tracking.cases.AcceptanceTests<br>Test method: Verify that Admin can promote a registered User to Project Manager<br/>
<a href="#Output-719182854" onClick='toggleBox("Output-719182854", this, "Show output", "Hide output");'>Show output</a>

<a href="#Output-719182854" onClick="toggleAllBoxes();">Show all outputs</a>
<div class='log' id="Output-719182854">
Current User role is Select Role<br/>
After promotion, User role is Project<br/>
</div>
</td>
<td></td>
<td>30</td>
<td>test.tracking.cases.AcceptanceTests@523884b2</td></tr>
<tr>
<td title='test.tracking.cases.AcceptanceTests.testUserRegistration()'><b>testUserRegistration</b><br>Test class: test.tracking.cases.AcceptanceTests<br>Test method: Verify that a User can register to the Tracking application<br/>
<a href="#Output-1990421361" onClick='toggleBox("Output-1990421361", this, "Show output", "Hide output");'>Show output</a>

<a href="#Output-1990421361" onClick="toggleAllBoxes();">Show all outputs</a>
<div class='log' id="Output-1990421361">
Entered the values for the User registration<br/>
Completed User registration<br/>
Logged out<br/>
</div>
</td>
<td></td>
<td>24</td>
<td>test.tracking.cases.AcceptanceTests@523884b2</td></tr>
</table><p>
</body>
</html>