<!DOCTYPE html PUBLIC "-//W3C//DTD XHTML 1.1//EN" "http://www.w3.org/TR/xhtml11/DTD/xhtml11.dtd">
<html xmlns="http://www.w3.org/1999/xhtml">
<head>
<meta http-equiv="content-type" content="text/html; charset=UTF-8"/>
<title>TestNG Report</title>
<style type="text/css">table {margin-bottom:10px;border-collapse:collapse;empty-cells:show}th,td {border:1px solid #009;padding:.25em .5em}th {vertical-align:bottom}td {vertical-align:top}table a {font-weight:bold}.stripe td {background-color: #E6EBF9}.num {text-align:right}.passedodd td {background-color: #3F3}.passedeven td {background-color: #0A0}.skippedodd td {background-color: #DDD}.skippedeven td {background-color: #CCC}.failedodd td,.attn {background-color: #F33}.failedeven td,.stripe .attn {background-color: #D00}.stacktrace {white-space:pre;font-family:monospace}.totop {font-size:85%;text-align:center;border-bottom:2px solid #000}.invisible {display:none}</style>
</head>
<body>
<table>
<tr><th>Test</th><th># Passed</th><th># Skipped</th><th># Failed</th><th>Time (ms)</th><th>Included Groups</th><th>Excluded Groups</th></tr>
<tr><th colspan="7">Default suite</th></tr>
<tr><td><a href="#t0">Default test</a></td><td class="num">24</td><td class="num">0</td><td class="num attn">2</td><td class="num">251,286</td><td></td><td></td></tr>
</table>
<table id='summary'><thead><tr><th>Class</th><th>Method</th><th>Start</th><th>Time (ms)</th></tr></thead><tbody><tr><th colspan="4">Default suite</th></tr></tbody><tbody id="t0"><tr><th colspan="4">Default test &#8212; failed (configuration methods)</th></tr><tr class="failedeven"><td rowspan="1">test.tracking.cases.AcceptanceTests</td><td><a href="#m0">close</a></td><td rowspan="1">1564679318927</td><td rowspan="1">46</td></tr><tr><th colspan="4">Default test &#8212; failed</th></tr><tr class="failedeven"><td rowspan="2">test.tracking.cases.AcceptanceTests</td><td><a href="#m1">testCardMoveFromToDo2WIP</a></td><td rowspan="1">1564679261991</td><td rowspan="1">157</td></tr><tr class="failedeven"><td><a href="#m2">testCreateCardInSprintPage</a></td><td rowspan="1">1564679250935</td><td rowspan="1">11051</td></tr><tr><th colspan="4">Default test &#8212; passed</th></tr><tr class="passedeven"><td rowspan="24">test.tracking.cases.AcceptanceTests</td><td><a href="#m3">testAddCardToCurrentSprint</a></td><td rowspan="1">1564679240645</td><td rowspan="1">3790</td></tr><tr class="passedeven"><td><a href="#m4">testAddCommentsToCard</a></td><td rowspan="1">1564679262150</td><td rowspan="1">7634</td></tr><tr class="passedeven"><td><a href="#m5">testAddingEpicsToProject</a></td><td rowspan="1">1564679197766</td><td rowspan="1">8204</td></tr><tr class="passedeven"><td><a href="#m6">testAddingUsersToProject</a></td><td rowspan="1">1564679205972</td><td rowspan="1">12975</td></tr><tr class="passedeven"><td><a href="#m7">testApplicationAvailability</a></td><td rowspan="1">1564679110772</td><td rowspan="1">58</td></tr><tr class="passedeven"><td><a href="#m8">testCardMoveFromComplete2Accepted</a></td><td rowspan="1">1564679289052</td><td rowspan="1">9686</td></tr><tr class="passedeven"><td><a href="#m9">testCardMoveFromVerification2Complete</a></td><td rowspan="1">1564679279458</td><td rowspan="1">9592</td></tr><tr class="passedeven"><td><a href="#m10">testCardMoveFromWIP2Verification</a></td><td rowspan="1">1564679269785</td><td rowspan="1">9671</td></tr><tr class="passedeven"><td><a href="#m11">testCardsGroupingInSprintPage</a></td><td rowspan="1">1564679298740</td><td rowspan="1">18</td></tr><tr class="passedeven"><td><a href="#m12">testCreateCardInBacklog</a></td><td rowspan="1">1564679222358</td><td rowspan="1">18285</td></tr><tr class="passedeven"><td><a href="#m13">testFilterByProjectAndStageReportPage</a></td><td rowspan="1">1564679299034</td><td rowspan="1">3656</td></tr><tr class="passedeven"><td><a href="#m14">testInvalidCredentials</a></td><td rowspan="1">1564679110834</td><td rowspan="1">10237</td></tr><tr class="passedeven"><td><a href="#m15">testNavigateToChatPage</a></td><td rowspan="1">1564679302691</td><td rowspan="1">242</td></tr><tr class="passedeven"><td><a href="#m16">testNavigateToReportPage</a></td><td rowspan="1">1564679298759</td><td rowspan="1">274</td></tr><tr class="passedeven"><td><a href="#m17">testNavigateToSprintPage</a></td><td rowspan="1">1564679244438</td><td rowspan="1">235</td></tr><tr class="passedeven"><td><a href="#m18">testProjectCreation</a></td><td rowspan="1">1564679186711</td><td rowspan="1">11053</td></tr><tr class="passedeven"><td><a href="#m19">testProjectSelectionInBacklog</a></td><td rowspan="1">1564679218949</td><td rowspan="1">3407</td></tr><tr class="passedeven"><td><a href="#m20">testProjectSelectionInChat</a></td><td rowspan="1">1564679302934</td><td rowspan="1">3298</td></tr><tr class="passedeven"><td><a href="#m21">testProjectSelectionInSprint</a></td><td rowspan="1">1564679244674</td><td rowspan="1">6259</td></tr><tr class="passedeven"><td><a href="#m22">testSendMessage</a></td><td rowspan="1">1564679306233</td><td rowspan="1">6426</td></tr><tr class="passedeven"><td><a href="#m23">testUserDefaultRole</a></td><td rowspan="1">1564679145741</td><td rowspan="1">10257</td></tr><tr class="passedeven"><td><a href="#m24">testUserLogout</a></td><td rowspan="1">1564679312660</td><td rowspan="1">3002</td></tr><tr class="passedeven"><td><a href="#m25">testUserPromotion</a></td><td rowspan="1">1564679156000</td><td rowspan="1">30709</td></tr><tr class="passedeven"><td><a href="#m26">testUserRegistration</a></td><td rowspan="1">1564679121074</td><td rowspan="1">24665</td></tr></tbody>
</table>
<h2>Default test</h2><h3 id="m0">test.tracking.cases.AcceptanceTests#close</h3><table class="result"><tr><th>Exception</th></tr><tr><td><div class="stacktrace">org.openqa.selenium.NoSuchSessionException: invalid session id
Build info: version: &apos;3.141.59&apos;, revision: &apos;e82be7d358&apos;, time: &apos;2018-11-14T08:17:03&apos;
System info: host: &apos;DESKTOP-BNP95F9&apos;, ip: &apos;192.168.9.120&apos;, os.name: &apos;Windows 10&apos;, os.arch: &apos;amd64&apos;, os.version: &apos;10.0&apos;, java.version: &apos;1.8.0_211&apos;
Driver info: org.openqa.selenium.chrome.ChromeDriver
Capabilities {acceptInsecureCerts: false, browserName: chrome, browserVersion: 75.0.3770.142, chrome: {chromedriverVersion: 75.0.3770.140 (2d9f97485c7b..., userDataDir: C:\Users\310104~1\AppData\L...}, goog:chromeOptions: {debuggerAddress: localhost:57161}, javascriptEnabled: true, networkConnectionEnabled: false, pageLoadStrategy: normal, platform: XP, platformName: XP, proxy: Proxy(), setWindowRect: true, strictFileInteractability: false, timeouts: {implicit: 0, pageLoad: 300000, script: 30000}, unhandledPromptBehavior: dismiss and notify}
Session ID: 671472f801be3717530c2c488d170d2d
	at sun.reflect.NativeConstructorAccessorImpl.newInstance0(Native Method)
	at sun.reflect.NativeConstructorAccessorImpl.newInstance(Unknown Source)
	at sun.reflect.DelegatingConstructorAccessorImpl.newInstance(Unknown Source)
	at java.lang.reflect.Constructor.newInstance(Unknown Source)
	at org.openqa.selenium.remote.http.W3CHttpResponseCodec.createException(W3CHttpResponseCodec.java:187)
	at org.openqa.selenium.remote.http.W3CHttpResponseCodec.decode(W3CHttpResponseCodec.java:122)
	at org.openqa.selenium.remote.http.W3CHttpResponseCodec.decode(W3CHttpResponseCodec.java:49)
	at org.openqa.selenium.remote.HttpCommandExecutor.execute(HttpCommandExecutor.java:158)
	at org.openqa.selenium.remote.service.DriverCommandExecutor.execute(DriverCommandExecutor.java:83)
	at org.openqa.selenium.remote.RemoteWebDriver.execute(RemoteWebDriver.java:552)
	at org.openqa.selenium.remote.RemoteWebDriver.execute(RemoteWebDriver.java:609)
	at org.openqa.selenium.remote.RemoteWebDriver.close(RemoteWebDriver.java:442)
	at test.tracking.cases.BaseTestCase.close(BaseTestCase.java:31)
	at sun.reflect.NativeMethodAccessorImpl.invoke0(Native Method)
	at sun.reflect.NativeMethodAccessorImpl.invoke(Unknown Source)
	at sun.reflect.DelegatingMethodAccessorImpl.invoke(Unknown Source)
	at java.lang.reflect.Method.invoke(Unknown Source)
	at org.testng.internal.MethodInvocationHelper.invokeMethod(MethodInvocationHelper.java:124)
	at org.testng.internal.MethodInvocationHelper.invokeMethodConsideringTimeout(MethodInvocationHelper.java:59)
	at org.testng.internal.Invoker.invokeConfigurationMethod(Invoker.java:458)
	at org.testng.internal.Invoker.invokeConfigurations(Invoker.java:222)
	at org.testng.internal.Invoker.invokeConfigurations(Invoker.java:142)
	at org.testng.internal.TestMethodWorker.invokeAfterClassMethods(TestMethodWorker.java:214)
	at org.testng.internal.TestMethodWorker.run(TestMethodWorker.java:111)
	at org.testng.TestRunner.privateRun(TestRunner.java:648)
	at org.testng.TestRunner.run(TestRunner.java:505)
	at org.testng.SuiteRunner.runTest(SuiteRunner.java:455)
	at org.testng.SuiteRunner.runSequentially(SuiteRunner.java:450)
	at org.testng.SuiteRunner.privateRun(SuiteRunner.java:415)
	at org.testng.SuiteRunner.run(SuiteRunner.java:364)
	at org.testng.SuiteRunnerWorker.runSuite(SuiteRunnerWorker.java:52)
	at org.testng.SuiteRunnerWorker.run(SuiteRunnerWorker.java:84)
	at org.testng.TestNG.runSuitesSequentially(TestNG.java:1208)
	at org.testng.TestNG.runSuitesLocally(TestNG.java:1137)
	at org.testng.TestNG.runSuites(TestNG.java:1049)
	at org.testng.TestNG.run(TestNG.java:1017)
	at org.testng.remote.AbstractRemoteTestNG.run(AbstractRemoteTestNG.java:115)
	at org.testng.remote.RemoteTestNG.initAndRun(RemoteTestNG.java:251)
	at org.testng.remote.RemoteTestNG.main(RemoteTestNG.java:77)
</div></td></tr></table><p class="totop"><a href="#summary">back to summary</a></p>
<h3 id="m1">test.tracking.cases.AcceptanceTests#testCardMoveFromToDo2WIP</h3><table class="result"><tr><th>Exception</th></tr><tr><td><div class="stacktrace">java.lang.IndexOutOfBoundsException: Index: 0, Size: 0
	at java.util.ArrayList.rangeCheck(Unknown Source)
	at java.util.ArrayList.get(Unknown Source)
	at test.tracking.pobj.SprintPage.changeCardStage(SprintPage.java:89)
	at test.tracking.cases.AcceptanceTests.testCardMoveFromToDo2WIP(AcceptanceTests.java:253)
	at sun.reflect.NativeMethodAccessorImpl.invoke0(Native Method)
	at sun.reflect.NativeMethodAccessorImpl.invoke(Unknown Source)
	at sun.reflect.DelegatingMethodAccessorImpl.invoke(Unknown Source)
	at java.lang.reflect.Method.invoke(Unknown Source)
	at org.testng.internal.MethodInvocationHelper.invokeMethod(MethodInvocationHelper.java:124)
	at org.testng.internal.Invoker.invokeMethod(Invoker.java:583)
	at org.testng.internal.Invoker.invokeTestMethod(Invoker.java:719)
	at org.testng.internal.Invoker.invokeTestMethods(Invoker.java:989)
	at org.testng.internal.TestMethodWorker.invokeTestMethods(TestMethodWorker.java:125)
	at org.testng.internal.TestMethodWorker.run(TestMethodWorker.java:109)
	at org.testng.TestRunner.privateRun(TestRunner.java:648)
	at org.testng.TestRunner.run(TestRunner.java:505)
	at org.testng.SuiteRunner.runTest(SuiteRunner.java:455)
	at org.testng.SuiteRunner.runSequentially(SuiteRunner.java:450)
	at org.testng.SuiteRunner.privateRun(SuiteRunner.java:415)
	at org.testng.SuiteRunner.run(SuiteRunner.java:364)
	at org.testng.SuiteRunnerWorker.runSuite(SuiteRunnerWorker.java:52)
	at org.testng.SuiteRunnerWorker.run(SuiteRunnerWorker.java:84)
	at org.testng.TestNG.runSuitesSequentially(TestNG.java:1208)
	at org.testng.TestNG.runSuitesLocally(TestNG.java:1137)
	at org.testng.TestNG.runSuites(TestNG.java:1049)
	at org.testng.TestNG.run(TestNG.java:1017)
	at org.testng.remote.AbstractRemoteTestNG.run(AbstractRemoteTestNG.java:115)
	at org.testng.remote.RemoteTestNG.initAndRun(RemoteTestNG.java:251)
	at org.testng.remote.RemoteTestNG.main(RemoteTestNG.java:77)
</div></td></tr></table><p class="totop"><a href="#summary">back to summary</a></p>
<h3 id="m2">test.tracking.cases.AcceptanceTests#testCreateCardInSprintPage</h3><table class="result"><tr><th>Messages</th></tr><tr><td><div class="messages">Entered the values for the Card Creation<br/>Completed Card creation<br/>Changing project selection due to current issue with auto page refresh - THIS SHOULD BE FIXED</div></td></tr><tr><th>Exception</th></tr><tr><td><div class="stacktrace">org.openqa.selenium.NoSuchElementException: no such element: Unable to locate element: {&quot;method&quot;:&quot;xpath&quot;,&quot;selector&quot;:&quot;//div[contains(text(), &apos;AUTOMATION 2 - Create slides for Demo&apos;)]&quot;}
  (Session info: chrome=75.0.3770.142)
For documentation on this error, please visit: https://www.seleniumhq.org/exceptions/no_such_element.html
Build info: version: &apos;3.141.59&apos;, revision: &apos;e82be7d358&apos;, time: &apos;2018-11-14T08:17:03&apos;
System info: host: &apos;DESKTOP-BNP95F9&apos;, ip: &apos;192.168.9.120&apos;, os.name: &apos;Windows 10&apos;, os.arch: &apos;amd64&apos;, os.version: &apos;10.0&apos;, java.version: &apos;1.8.0_211&apos;
Driver info: org.openqa.selenium.chrome.ChromeDriver
Capabilities {acceptInsecureCerts: false, browserName: chrome, browserVersion: 75.0.3770.142, chrome: {chromedriverVersion: 75.0.3770.140 (2d9f97485c7b..., userDataDir: C:\Users\310104~1\AppData\L...}, goog:chromeOptions: {debuggerAddress: localhost:57161}, javascriptEnabled: true, networkConnectionEnabled: false, pageLoadStrategy: normal, platform: XP, platformName: XP, proxy: Proxy(), setWindowRect: true, strictFileInteractability: false, timeouts: {implicit: 0, pageLoad: 300000, script: 30000}, unhandledPromptBehavior: dismiss and notify}
Session ID: 671472f801be3717530c2c488d170d2d
*** Element info: {Using=xpath, value=//div[contains(text(), &apos;AUTOMATION 2 - Create slides for Demo&apos;)]}
	at sun.reflect.NativeConstructorAccessorImpl.newInstance0(Native Method)
	at sun.reflect.NativeConstructorAccessorImpl.newInstance(Unknown Source)
	at sun.reflect.DelegatingConstructorAccessorImpl.newInstance(Unknown Source)
	at java.lang.reflect.Constructor.newInstance(Unknown Source)
	at org.openqa.selenium.remote.http.W3CHttpResponseCodec.createException(W3CHttpResponseCodec.java:187)
	at org.openqa.selenium.remote.http.W3CHttpResponseCodec.decode(W3CHttpResponseCodec.java:122)
	at org.openqa.selenium.remote.http.W3CHttpResponseCodec.decode(W3CHttpResponseCodec.java:49)
	at org.openqa.selenium.remote.HttpCommandExecutor.execute(HttpCommandExecutor.java:158)
	at org.openqa.selenium.remote.service.DriverCommandExecutor.execute(DriverCommandExecutor.java:83)
	at org.openqa.selenium.remote.RemoteWebDriver.execute(RemoteWebDriver.java:552)
	at org.openqa.selenium.remote.RemoteWebDriver.findElement(RemoteWebDriver.java:323)
	at org.openqa.selenium.remote.RemoteWebDriver.findElementByXPath(RemoteWebDriver.java:428)
	at org.openqa.selenium.By$ByXPath.findElement(By.java:353)
	at org.openqa.selenium.remote.RemoteWebDriver.findElement(RemoteWebDriver.java:315)
	at test.tracking.pobj.SprintPage.createCard(SprintPage.java:45)
	at test.tracking.cases.AcceptanceTests.testCreateCardInSprintPage(AcceptanceTests.java:243)
	at sun.reflect.NativeMethodAccessorImpl.invoke0(Native Method)
	at sun.reflect.NativeMethodAccessorImpl.invoke(Unknown Source)
	at sun.reflect.DelegatingMethodAccessorImpl.invoke(Unknown Source)
	at java.lang.reflect.Method.invoke(Unknown Source)
	at org.testng.internal.MethodInvocationHelper.invokeMethod(MethodInvocationHelper.java:124)
	at org.testng.internal.Invoker.invokeMethod(Invoker.java:583)
	at org.testng.internal.Invoker.invokeTestMethod(Invoker.java:719)
	at org.testng.internal.Invoker.invokeTestMethods(Invoker.java:989)
	at org.testng.internal.TestMethodWorker.invokeTestMethods(TestMethodWorker.java:125)
	at org.testng.internal.TestMethodWorker.run(TestMethodWorker.java:109)
	at org.testng.TestRunner.privateRun(TestRunner.java:648)
	at org.testng.TestRunner.run(TestRunner.java:505)
	at org.testng.SuiteRunner.runTest(SuiteRunner.java:455)
	at org.testng.SuiteRunner.runSequentially(SuiteRunner.java:450)
	at org.testng.SuiteRunner.privateRun(SuiteRunner.java:415)
	at org.testng.SuiteRunner.run(SuiteRunner.java:364)
	at org.testng.SuiteRunnerWorker.runSuite(SuiteRunnerWorker.java:52)
	at org.testng.SuiteRunnerWorker.run(SuiteRunnerWorker.java:84)
	at org.testng.TestNG.runSuitesSequentially(TestNG.java:1208)
	at org.testng.TestNG.runSuitesLocally(TestNG.java:1137)
	at org.testng.TestNG.runSuites(TestNG.java:1049)
	at org.testng.TestNG.run(TestNG.java:1017)
	at org.testng.remote.AbstractRemoteTestNG.run(AbstractRemoteTestNG.java:115)
	at org.testng.remote.RemoteTestNG.initAndRun(RemoteTestNG.java:251)
	at org.testng.remote.RemoteTestNG.main(RemoteTestNG.java:77)
</div></td></tr></table><p class="totop"><a href="#summary">back to summary</a></p>
<h3 id="m3">test.tracking.cases.AcceptanceTests#testAddCardToCurrentSprint</h3><table class="result"><tr><th class="invisible"/></tr></table><p class="totop"><a href="#summary">back to summary</a></p>
<h3 id="m4">test.tracking.cases.AcceptanceTests#testAddCommentsToCard</h3><table class="result"><tr><th>Messages</th></tr><tr><td><div class="messages">Can see the Card in the Cards list</div></td></tr></table><p class="totop"><a href="#summary">back to summary</a></p>
<h3 id="m5">test.tracking.cases.AcceptanceTests#testAddingEpicsToProject</h3><table class="result"><tr><th class="invisible"/></tr></table><p class="totop"><a href="#summary">back to summary</a></p>
<h3 id="m6">test.tracking.cases.AcceptanceTests#testAddingUsersToProject</h3><table class="result"><tr><th class="invisible"/></tr></table><p class="totop"><a href="#summary">back to summary</a></p>
<h3 id="m7">test.tracking.cases.AcceptanceTests#testApplicationAvailability</h3><table class="result"><tr><th>Messages</th></tr><tr><td><div class="messages">Application is available @ http://localhost:3000/#/Admin</div></td></tr></table><p class="totop"><a href="#summary">back to summary</a></p>
<h3 id="m8">test.tracking.cases.AcceptanceTests#testCardMoveFromComplete2Accepted</h3><table class="result"><tr><th class="invisible"/></tr></table><p class="totop"><a href="#summary">back to summary</a></p>
<h3 id="m9">test.tracking.cases.AcceptanceTests#testCardMoveFromVerification2Complete</h3><table class="result"><tr><th class="invisible"/></tr></table><p class="totop"><a href="#summary">back to summary</a></p>
<h3 id="m10">test.tracking.cases.AcceptanceTests#testCardMoveFromWIP2Verification</h3><table class="result"><tr><th class="invisible"/></tr></table><p class="totop"><a href="#summary">back to summary</a></p>
<h3 id="m11">test.tracking.cases.AcceptanceTests#testCardsGroupingInSprintPage</h3><table class="result"><tr><th class="invisible"/></tr></table><p class="totop"><a href="#summary">back to summary</a></p>
<h3 id="m12">test.tracking.cases.AcceptanceTests#testCreateCardInBacklog</h3><table class="result"><tr><th>Messages</th></tr><tr><td><div class="messages">Entered the values for the Card Creation<br/>Completed Card creation<br/>Changing project selection due to current issue with auto page refresh - THIS SHOULD BE FIXED<br/>Can see the Card created in the Cards list</div></td></tr></table><p class="totop"><a href="#summary">back to summary</a></p>
<h3 id="m13">test.tracking.cases.AcceptanceTests#testFilterByProjectAndStageReportPage</h3><table class="result"><tr><th>Messages</th></tr><tr><td><div class="messages">Selected Project and Stage for the report</div></td></tr></table><p class="totop"><a href="#summary">back to summary</a></p>
<h3 id="m14">test.tracking.cases.AcceptanceTests#testInvalidCredentials</h3><table class="result"><tr><th class="invisible"/></tr></table><p class="totop"><a href="#summary">back to summary</a></p>
<h3 id="m15">test.tracking.cases.AcceptanceTests#testNavigateToChatPage</h3><table class="result"><tr><th class="invisible"/></tr></table><p class="totop"><a href="#summary">back to summary</a></p>
<h3 id="m16">test.tracking.cases.AcceptanceTests#testNavigateToReportPage</h3><table class="result"><tr><th class="invisible"/></tr></table><p class="totop"><a href="#summary">back to summary</a></p>
<h3 id="m17">test.tracking.cases.AcceptanceTests#testNavigateToSprintPage</h3><table class="result"><tr><th class="invisible"/></tr></table><p class="totop"><a href="#summary">back to summary</a></p>
<h3 id="m18">test.tracking.cases.AcceptanceTests#testProjectCreation</h3><table class="result"><tr><th>Messages</th></tr><tr><td><div class="messages">Entered the values for the Project Creation<br/>Completed Project creation<br/>Can see the project created in the Project list</div></td></tr></table><p class="totop"><a href="#summary">back to summary</a></p>
<h3 id="m19">test.tracking.cases.AcceptanceTests#testProjectSelectionInBacklog</h3><table class="result"><tr><th class="invisible"/></tr></table><p class="totop"><a href="#summary">back to summary</a></p>
<h3 id="m20">test.tracking.cases.AcceptanceTests#testProjectSelectionInChat</h3><table class="result"><tr><th class="invisible"/></tr></table><p class="totop"><a href="#summary">back to summary</a></p>
<h3 id="m21">test.tracking.cases.AcceptanceTests#testProjectSelectionInSprint</h3><table class="result"><tr><th class="invisible"/></tr></table><p class="totop"><a href="#summary">back to summary</a></p>
<h3 id="m22">test.tracking.cases.AcceptanceTests#testSendMessage</h3><table class="result"><tr><th>Messages</th></tr><tr><td><div class="messages">Message Sent</div></td></tr></table><p class="totop"><a href="#summary">back to summary</a></p>
<h3 id="m23">test.tracking.cases.AcceptanceTests#testUserDefaultRole</h3><table class="result"><tr><th class="invisible"/></tr></table><p class="totop"><a href="#summary">back to summary</a></p>
<h3 id="m24">test.tracking.cases.AcceptanceTests#testUserLogout</h3><table class="result"><tr><th class="invisible"/></tr></table><p class="totop"><a href="#summary">back to summary</a></p>
<h3 id="m25">test.tracking.cases.AcceptanceTests#testUserPromotion</h3><table class="result"><tr><th>Messages</th></tr><tr><td><div class="messages">Current User role is Select Role<br/>After promotion, User role is Project</div></td></tr></table><p class="totop"><a href="#summary">back to summary</a></p>
<h3 id="m26">test.tracking.cases.AcceptanceTests#testUserRegistration</h3><table class="result"><tr><th>Messages</th></tr><tr><td><div class="messages">Entered the values for the User registration<br/>Completed User registration<br/>Logged out</div></td></tr></table><p class="totop"><a href="#summary">back to summary</a></p>
</body>
</html>
